<?xml version="1.0" encoding="UTF-8"?>
<!-- Generated by org.testng.reporters.JUnitXMLReporter -->
<testsuite hostname="DSB-PC" name="Opera Test" tests="2" failures="0" timestamp="16 Dec 2016 13:42:33 GMT" time="11.628" errors="0">
  <testcase name="@BeforeTest openBrowser" time="0.0" classname="crossBrowserTesting.CBT">
    <failure type="org.openqa.selenium.SessionNotCreatedException" message="session not created exception
from unknown error: Runtime.executionContextCreated has invalid &amp;apos;context&amp;apos;: {&amp;quot;auxData&amp;quot;:{&amp;quot;frameId&amp;quot;:&amp;quot;440.1&amp;quot;,&amp;quot;isDefault&amp;quot;:true},&amp;quot;id&amp;quot;:1,&amp;quot;name&amp;quot;:&amp;quot;&amp;quot;,&amp;quot;origin&amp;quot;:&amp;quot;://&amp;quot;}
  (Session info: Opera with embedded Chromium 55.0.2883.75)
  (Driver info: OperaDriver=0.2.0 (ba47709ed9e35ce26dbd960fb5d75be104290d96),platform=Windows NT 6.2 x86) (WARNING: The server did not provide any stacktrace information)
Command duration or timeout: 9.88 seconds
Build info: version: &amp;apos;2.53.1&amp;apos;, revision: &amp;apos;a36b8b1&amp;apos;, time: &amp;apos;2016-06-30 17:32:46&amp;apos;
System info: host: &amp;apos;DSB-PC&amp;apos;, ip: &amp;apos;169.254.168.125&amp;apos;, os.name: &amp;apos;Windows 8&amp;apos;, os.arch: &amp;apos;x86&amp;apos;, os.version: &amp;apos;6.2&amp;apos;, java.version: &amp;apos;1.8.0_45&amp;apos;
Driver info: org.openqa.selenium.opera.OperaDriver">
      <![CDATA[org.openqa.selenium.SessionNotCreatedException: session not created exception
from unknown error: Runtime.executionContextCreated has invalid 'context': {"auxData":{"frameId":"440.1","isDefault":true},"id":1,"name":"","origin":"://"}
  (Session info: Opera with embedded Chromium 55.0.2883.75)
  (Driver info: OperaDriver=0.2.0 (ba47709ed9e35ce26dbd960fb5d75be104290d96),platform=Windows NT 6.2 x86) (WARNING: The server did not provide any stacktrace information)
Command duration or timeout: 9.88 seconds
Build info: version: '2.53.1', revision: 'a36b8b1', time: '2016-06-30 17:32:46'
System info: host: 'DSB-PC', ip: '169.254.168.125', os.name: 'Windows 8', os.arch: 'x86', os.version: '6.2', java.version: '1.8.0_45'
Driver info: org.openqa.selenium.opera.OperaDriver
	at org.openqa.selenium.remote.ErrorHandler.createThrowable(ErrorHandler.java:206)
	at org.openqa.selenium.remote.ErrorHandler.throwIfResponseFailed(ErrorHandler.java:158)
	at org.openqa.selenium.remote.RemoteWebDriver.execute(RemoteWebDriver.java:678)
	at org.openqa.selenium.remote.RemoteWebDriver.startSession(RemoteWebDriver.java:249)
	at org.openqa.selenium.remote.RemoteWebDriver.<init>(RemoteWebDriver.java:131)
	at org.openqa.selenium.remote.RemoteWebDriver.<init>(RemoteWebDriver.java:144)
	at org.openqa.selenium.opera.OperaDriver.<init>(OperaDriver.java:169)
	at org.openqa.selenium.opera.OperaDriver.<init>(OperaDriver.java:158)
	at org.openqa.selenium.opera.OperaDriver.<init>(OperaDriver.java:115)
	at crossBrowserTesting.CBT.openBrowser(CBT.java:40)
... Removed 26 stack frames]]>
    </failure>
  </testcase> <!-- @BeforeTest openBrowser -->
  <testcase name="@AfterTest closeBrowser" time="0.0" classname="crossBrowserTesting.CBT">
    <skipped/>
  </testcase> <!-- @AfterTest closeBrowser -->
  <testcase name="verifyTitle" time="0.002" classname="crossBrowserTesting.CBT">
    <skipped/>
  </testcase> <!-- verifyTitle -->
  <testcase name="verifyText" time="0.002" classname="crossBrowserTesting.CBT">
    <skipped/>
  </testcase> <!-- verifyText -->
</testsuite> <!-- Opera Test -->
